android/app/build/intermediates/manifest_merge_blame_file/debug/processDebugMainManifest/manifest-merger-blame-debug-report.txt
1<?xml version="1.0" encoding="utf-8"?>
2<manifest xmlns:android="http://schemas.android.com/apk/res/android"
3    package="com.jacob.reminderapp"
4    android:versionCode="1"
5    android:versionName="1.0" >
6
7    <uses-sdk
8        android:minSdkVersion="24"
9        android:targetSdkVersion="36" />
10
11    <!-- Permissions -->
12
13    <uses-permission android:name="android.permission.INTERNET" />
13-->src/main/AndroidManifest.xml:40:5-67
13-->src/main/AndroidManifest.xml:40:22-64
14    <uses-permission android:name="android.permission.VIBRATE" />
14-->[:capacitor-haptics] AndroidManifest.xml:7:5-66
14-->[:capacitor-haptics] AndroidManifest.xml:7:22-63
15    <uses-permission android:name="android.permission.RECEIVE_BOOT_COMPLETED" />
15-->[:capacitor-local-notifications] AndroidManifest.xml:7:5-81
15-->[:capacitor-local-notifications] AndroidManifest.xml:7:22-78
16    <uses-permission android:name="android.permission.WAKE_LOCK" />
16-->[:capacitor-local-notifications] AndroidManifest.xml:8:5-68
16-->[:capacitor-local-notifications] AndroidManifest.xml:8:22-65
17    <uses-permission android:name="android.permission.POST_NOTIFICATIONS" />
17-->[:capacitor-local-notifications] AndroidManifest.xml:9:5-77
17-->[:capacitor-local-notifications] AndroidManifest.xml:9:22-74
18
19    <permission
19-->[androidx.core:core:1.17.0] AndroidManifest.xml:22:5-24:47
20        android:name="com.jacob.reminderapp.DYNAMIC_RECEIVER_NOT_EXPORTED_PERMISSION"
20-->[androidx.core:core:1.17.0] AndroidManifest.xml:23:9-81
21        android:protectionLevel="signature" />
21-->[androidx.core:core:1.17.0] AndroidManifest.xml:24:9-44
22
23    <uses-permission android:name="com.jacob.reminderapp.DYNAMIC_RECEIVER_NOT_EXPORTED_PERMISSION" />
23-->[androidx.core:core:1.17.0] AndroidManifest.xml:26:5-97
23-->[androidx.core:core:1.17.0] AndroidManifest.xml:26:22-94
24
25    <application
25-->src/main/AndroidManifest.xml:4:5-36:19
26        android:allowBackup="true"
26-->src/main/AndroidManifest.xml:5:9-35
27        android:appComponentFactory="androidx.core.app.CoreComponentFactory"
27-->[androidx.core:core:1.17.0] AndroidManifest.xml:28:18-86
28        android:debuggable="true"
29        android:extractNativeLibs="false"
30        android:icon="@mipmap/ic_launcher"
30-->src/main/AndroidManifest.xml:6:9-43
31        android:label="@string/app_name"
31-->src/main/AndroidManifest.xml:7:9-41
32        android:roundIcon="@mipmap/ic_launcher_round"
32-->src/main/AndroidManifest.xml:8:9-54
33        android:supportsRtl="true"
33-->src/main/AndroidManifest.xml:9:9-35
34        android:theme="@style/AppTheme" >
34-->src/main/AndroidManifest.xml:10:9-40
35        <activity
35-->src/main/AndroidManifest.xml:12:9-25:20
36            android:name="com.jacob.reminderapp.MainActivity"
36-->src/main/AndroidManifest.xml:14:13-41
37            android:configChanges="orientation|keyboardHidden|keyboard|screenSize|locale|smallestScreenSize|screenLayout|uiMode|navigation|density"
37-->src/main/AndroidManifest.xml:13:13-148
38            android:exported="true"
38-->src/main/AndroidManifest.xml:18:13-36
39            android:label="@string/title_activity_main"
39-->src/main/AndroidManifest.xml:15:13-56
40            android:launchMode="singleTask"
40-->src/main/AndroidManifest.xml:17:13-44
41            android:theme="@style/AppTheme.NoActionBarLaunch" >
41-->src/main/AndroidManifest.xml:16:13-62
42            <intent-filter>
42-->src/main/AndroidManifest.xml:20:13-23:29
43                <action android:name="android.intent.action.MAIN" />
43-->src/main/AndroidManifest.xml:21:17-69
43-->src/main/AndroidManifest.xml:21:25-66
44
45                <category android:name="android.intent.category.LAUNCHER" />
45-->src/main/AndroidManifest.xml:22:17-77
45-->src/main/AndroidManifest.xml:22:27-74
46            </intent-filter>
47        </activity>
48
49        <provider
50            android:name="androidx.core.content.FileProvider"
50-->src/main/AndroidManifest.xml:28:13-62
51            android:authorities="com.jacob.reminderapp.fileprovider"
51-->src/main/AndroidManifest.xml:29:13-64
52            android:exported="false"
52-->src/main/AndroidManifest.xml:30:13-37
53            android:grantUriPermissions="true" >
53-->src/main/AndroidManifest.xml:31:13-47
54            <meta-data
54-->src/main/AndroidManifest.xml:32:13-34:64
55                android:name="android.support.FILE_PROVIDER_PATHS"
55-->src/main/AndroidManifest.xml:33:17-67
56                android:resource="@xml/file_paths" />
56-->src/main/AndroidManifest.xml:34:17-51
57        </provider>
58
59        <receiver android:name="com.capacitorjs.plugins.localnotifications.TimedNotificationPublisher" />
59-->[:capacitor-local-notifications] AndroidManifest.xml:12:9-106
59-->[:capacitor-local-notifications] AndroidManifest.xml:12:19-103
60        <receiver android:name="com.capacitorjs.plugins.localnotifications.NotificationDismissReceiver" />
60-->[:capacitor-local-notifications] AndroidManifest.xml:13:9-107
60-->[:capacitor-local-notifications] AndroidManifest.xml:13:19-104
61        <receiver
61-->[:capacitor-local-notifications] AndroidManifest.xml:14:9-23:20
62            android:name="com.capacitorjs.plugins.localnotifications.LocalNotificationRestoreReceiver"
62-->[:capacitor-local-notifications] AndroidManifest.xml:15:13-103
63            android:directBootAware="true"
63-->[:capacitor-local-notifications] AndroidManifest.xml:16:13-43
64            android:exported="false" >
64-->[:capacitor-local-notifications] AndroidManifest.xml:17:13-37
65            <intent-filter>
65-->[:capacitor-local-notifications] AndroidManifest.xml:18:13-22:29
66                <action android:name="android.intent.action.LOCKED_BOOT_COMPLETED" />
66-->[:capacitor-local-notifications] AndroidManifest.xml:19:17-86
66-->[:capacitor-local-notifications] AndroidManifest.xml:19:25-83
67                <action android:name="android.intent.action.BOOT_COMPLETED" />
67-->[:capacitor-local-notifications] AndroidManifest.xml:20:17-79
67-->[:capacitor-local-notifications] AndroidManifest.xml:20:25-76
68                <action android:name="android.intent.action.QUICKBOOT_POWERON" />
68-->[:capacitor-local-notifications] AndroidManifest.xml:21:17-82
68-->[:capacitor-local-notifications] AndroidManifest.xml:21:25-79
69            </intent-filter>
70        </receiver>
71
72        <provider
72-->[androidx.emoji2:emoji2:1.3.0] AndroidManifest.xml:24:9-32:20
73            android:name="androidx.startup.InitializationProvider"
73-->[androidx.emoji2:emoji2:1.3.0] AndroidManifest.xml:25:13-67
74            android:authorities="com.jacob.reminderapp.androidx-startup"
74-->[androidx.emoji2:emoji2:1.3.0] AndroidManifest.xml:26:13-68
75            android:exported="false" >
75-->[androidx.emoji2:emoji2:1.3.0] AndroidManifest.xml:27:13-37
76            <meta-data
76-->[androidx.emoji2:emoji2:1.3.0] AndroidManifest.xml:29:13-31:52
77                android:name="androidx.emoji2.text.EmojiCompatInitializer"
77-->[androidx.emoji2:emoji2:1.3.0] AndroidManifest.xml:30:17-75
78                android:value="androidx.startup" />
78-->[androidx.emoji2:emoji2:1.3.0] AndroidManifest.xml:31:17-49
79            <meta-data
79-->[androidx.lifecycle:lifecycle-process:2.6.2] AndroidManifest.xml:29:13-31:52
80                android:name="androidx.lifecycle.ProcessLifecycleInitializer"
80-->[androidx.lifecycle:lifecycle-process:2.6.2] AndroidManifest.xml:30:17-78
81                android:value="androidx.startup" />
81-->[androidx.lifecycle:lifecycle-process:2.6.2] AndroidManifest.xml:31:17-49
82            <meta-data
82-->[androidx.profileinstaller:profileinstaller:1.4.0] AndroidManifest.xml:29:13-31:52
83                android:name="androidx.profileinstaller.ProfileInstallerInitializer"
83-->[androidx.profileinstaller:profileinstaller:1.4.0] AndroidManifest.xml:30:17-85
84                android:value="androidx.startup" />
84-->[androidx.profileinstaller:profileinstaller:1.4.0] AndroidManifest.xml:31:17-49
85        </provider>
86
87        <receiver
87-->[androidx.profileinstaller:profileinstaller:1.4.0] AndroidManifest.xml:34:9-52:20
88            android:name="androidx.profileinstaller.ProfileInstallReceiver"
88-->[androidx.profileinstaller:profileinstaller:1.4.0] AndroidManifest.xml:35:13-76
89            android:directBootAware="false"
89-->[androidx.profileinstaller:profileinstaller:1.4.0] AndroidManifest.xml:36:13-44
90            android:enabled="true"
90-->[androidx.profileinstaller:profileinstaller:1.4.0] AndroidManifest.xml:37:13-35
91            android:exported="true"
91-->[androidx.profileinstaller:profileinstaller:1.4.0] AndroidManifest.xml:38:13-36
92            android:permission="android.permission.DUMP" >
92-->[androidx.profileinstaller:profileinstaller:1.4.0] AndroidManifest.xml:39:13-57
93            <intent-filter>
93-->[androidx.profileinstaller:profileinstaller:1.4.0] AndroidManifest.xml:40:13-42:29
94                <action android:name="androidx.profileinstaller.action.INSTALL_PROFILE" />
94-->[androidx.profileinstaller:profileinstaller:1.4.0] AndroidManifest.xml:41:17-91
94-->[androidx.profileinstaller:profileinstaller:1.4.0] AndroidManifest.xml:41:25-88
95            </intent-filter>
96            <intent-filter>
96-->[androidx.profileinstaller:profileinstaller:1.4.0] AndroidManifest.xml:43:13-45:29
97                <action android:name="androidx.profileinstaller.action.SKIP_FILE" />
97-->[androidx.profileinstaller:profileinstaller:1.4.0] AndroidManifest.xml:44:17-85
97-->[androidx.profileinstaller:profileinstaller:1.4.0] AndroidManifest.xml:44:25-82
98            </intent-filter>
99            <intent-filter>
99-->[androidx.profileinstaller:profileinstaller:1.4.0] AndroidManifest.xml:46:13-48:29
100                <action android:name="androidx.profileinstaller.action.SAVE_PROFILE" />
100-->[androidx.profileinstaller:profileinstaller:1.4.0] AndroidManifest.xml:47:17-88
100-->[androidx.profileinstaller:profileinstaller:1.4.0] AndroidManifest.xml:47:25-85
101            </intent-filter>
102            <intent-filter>
102-->[androidx.profileinstaller:profileinstaller:1.4.0] AndroidManifest.xml:49:13-51:29
103                <action android:name="androidx.profileinstaller.action.BENCHMARK_OPERATION" />
103-->[androidx.profileinstaller:profileinstaller:1.4.0] AndroidManifest.xml:50:17-95
103-->[androidx.profileinstaller:profileinstaller:1.4.0] AndroidManifest.xml:50:25-92
104            </intent-filter>
105        </receiver>
106    </application>
107
108</manifest>